<?xml version="1.0" encoding="UTF-8"?>
<!-- Generated by org.testng.reporters.JUnitXMLReporter -->
<testsuite ignored="2" hostname="Ibrahims-MBP" failures="1" tests="2" name="Test" time="7.931" errors="0" timestamp="2021-02-03T14:15:28 EST">
  <testcase classname="com.qa.crm.pro.test.LoginPageTest" name="doLoginTest" time="3.478"/>
  <testcase classname="com.qa.crm.pro.test.LoginPageTest" name="dologinVerify" time="0.007">
    <failure type="java.lang.AssertionError" message="expected:&amp;lt;CRMPR&amp;gt; but was:&amp;lt;CRMPRO&amp;gt;">
      <![CDATA[java.lang.AssertionError: expected:<CRMPR> but was:<CRMPRO>
at com.qa.crm.pro.test.LoginPageTest.dologinVerify(LoginPageTest.java:23)
at java.base/java.util.ArrayList.forEach(ArrayList.java:1507)
... Removed 29 stack frames]]>
    </failure>
  </testcase> <!-- dologinVerify -->
  <testcase classname="com.qa.crm.pro.base.BaseTest" name="@AfterTest tearDown" time="0.0">
    <ignored/>
  </testcase> <!-- @AfterTest tearDown -->
  <testcase classname="com.qa.crm.pro.base.BaseTest" name="@BeforeTest setUp" time="0.0">
    <ignored/>
  </testcase> <!-- @BeforeTest setUp -->
</testsuite> <!-- Test -->
